0 info it worked if it ends with ok
1 verbose cli [ '/usr/local/Cellar/node/6.0.0/bin/node',
1 verbose cli   '/usr/local/bin/npm',
1 verbose cli   'start' ]
2 info using npm@3.8.6
3 info using node@v6.0.0
4 verbose run-script [ 'prestart', 'start', 'poststart' ]
5 info lifecycle idai-components-2@0.3.0~prestart: idai-components-2@0.3.0
6 silly lifecycle idai-components-2@0.3.0~prestart: no script for prestart, continuing
7 info lifecycle idai-components-2@0.3.0~start: idai-components-2@0.3.0
8 verbose lifecycle idai-components-2@0.3.0~start: unsafe-perm in lifecycle true
9 verbose lifecycle idai-components-2@0.3.0~start: PATH: /usr/local/lib/node_modules/npm/bin/node-gyp-bin:/Users/daniel/Workspace/Checkouts/idai-components-2/node_modules/.bin:/usr/local/Cellar/node/6.0.0/bin:/Users/daniel/.rvm/gems/ruby-2.1.8/bin:/Users/daniel/.rvm/gems/ruby-2.1.8@global/bin:/Users/daniel/.rvm/rubies/ruby-2.1.8/bin:/usr/bin:/bin:/usr/sbin:/sbin:/usr/local/bin:/Users/daniel/.rvm/bin
10 verbose lifecycle idai-components-2@0.3.0~start: CWD: /Users/daniel/Workspace/Checkouts/idai-components-2
11 silly lifecycle idai-components-2@0.3.0~start: Args: [ '-c', 'gulp run' ]
12 silly lifecycle idai-components-2@0.3.0~start: Returned: code: 1  signal: null
13 info lifecycle idai-components-2@0.3.0~start: Failed to exec start script
14 verbose stack Error: idai-components-2@0.3.0 start: `gulp run`
14 verbose stack Exit status 1
14 verbose stack     at EventEmitter.<anonymous> (/usr/local/lib/node_modules/npm/lib/utils/lifecycle.js:239:16)
14 verbose stack     at emitTwo (events.js:106:13)
14 verbose stack     at EventEmitter.emit (events.js:191:7)
14 verbose stack     at ChildProcess.<anonymous> (/usr/local/lib/node_modules/npm/lib/utils/spawn.js:24:14)
14 verbose stack     at emitTwo (events.js:106:13)
14 verbose stack     at ChildProcess.emit (events.js:191:7)
14 verbose stack     at maybeClose (internal/child_process.js:850:16)
14 verbose stack     at Process.ChildProcess._handle.onexit (internal/child_process.js:215:5)
15 verbose pkgid idai-components-2@0.3.0
16 verbose cwd /Users/daniel/Workspace/Checkouts/idai-components-2
17 error Darwin 15.4.0
18 error argv "/usr/local/Cellar/node/6.0.0/bin/node" "/usr/local/bin/npm" "start"
19 error node v6.0.0
20 error npm  v3.8.6
21 error code ELIFECYCLE
22 error idai-components-2@0.3.0 start: `gulp run`
22 error Exit status 1
23 error Failed at the idai-components-2@0.3.0 start script 'gulp run'.
23 error Make sure you have the latest version of node.js and npm installed.
23 error If you do, this is most likely a problem with the idai-components-2 package,
23 error not with npm itself.
23 error Tell the author that this fails on your system:
23 error     gulp run
23 error You can get information on how to open an issue for this project with:
23 error     npm bugs idai-components-2
23 error Or if that isn't available, you can get their info via:
23 error     npm owner ls idai-components-2
23 error There is likely additional logging output above.
24 verbose exit [ 1, true ]
